Dec 11 18:21:34 host=empower.software tls=on auth=on user=reply@empower.software from=reply@empower.software recipients=taytaywilly90@gmail.com smtpstatus=535 smtpmsg='535 5.7.8 Error: authentication failed: ' errormsg='authentication failed (method PLAIN)' exitcode=EX_NOPERM
Dec 12 17:14:37 host=empower.software tls=on auth=on user=reply@empower.software from=reply@empower.software recipients=taytaywilly90@gmail.com smtpstatus=535 smtpmsg='535 5.7.8 Error: authentication failed: ' errormsg='authentication failed (method PLAIN)' exitcode=EX_NOPERM
Dec 12 22:04:07 host=empower.software tls=on auth=on user=reply@empower.software from=reply@empower.software recipients=bluesven869@gmail.com smtpstatus=535 smtpmsg='535 5.7.8 Error: authentication failed: ' errormsg='authentication failed (method PLAIN)' exitcode=EX_NOPERM
Dec 13 03:44:05 host=empower.software tls=on auth=on user=reply@empower.software from=reply@empower.software recipients=taylor@smartfello.com smtpstatus=535 smtpmsg='535 5.7.8 Error: authentication failed: ' errormsg='authentication failed (method PLAIN)' exitcode=EX_NOPERM
Dec 14 08:41:20 host=empower.software tls=on auth=on user=reply@empower.software from=reply@empower.software recipients=hosting_test@bitrixsoft.com smtpstatus=535 smtpmsg='535 5.7.8 Error: authentication failed: ' errormsg='authentication failed (method PLAIN)' exitcode=EX_NOPERM
Dec 14 08:41:55 host=empower.software tls=on auth=on user=reply@empower.software from=reply@empower.software recipients=hosting_test@bitrixsoft.com smtpstatus=535 smtpmsg='535 5.7.8 Error: authentication failed: ' errormsg='authentication failed (method PLAIN)' exitcode=EX_NOPERM
Dec 14 08:42:03 host=empower.software tls=on auth=on user=reply@empower.software from=reply@empower.software recipients=hosting_test@bitrixsoft.com,noreply@bitrixsoft.com smtpstatus=535 smtpmsg='535 5.7.8 Error: authentication failed: ' errormsg='authentication failed (method PLAIN)' exitcode=EX_NOPERM
Dec 14 16:47:45 host=empower.software tls=on auth=on user=reply@empower.software from=reply@empower.software recipients=taytaywilly90@gmail.com smtpstatus=535 smtpmsg='535 5.7.8 Error: authentication failed: ' errormsg='authentication failed (method PLAIN)' exitcode=EX_NOPERM
Dec 15 03:23:06 host=empower.software tls=on auth=on user=reply@empower.software from=reply@empower.software recipients=bluesven869@gmail.com smtpstatus=535 smtpmsg='535 5.7.8 Error: authentication failed: ' errormsg='authentication failed (method PLAIN)' exitcode=EX_NOPERM
Dec 16 14:31:01 host=empower.software tls=on auth=on user=reply@empower.software from=reply@empower.software recipients=hosting_test@bitrix.ru smtpstatus=535 smtpmsg='535 5.7.8 Error: authentication failed: ' errormsg='authentication failed (method PLAIN)' exitcode=EX_NOPERM
Dec 16 14:49:44 host=empower.software tls=on auth=on user=reply@empower.software from=reply@empower.software recipients=hosting_test@bitrixsoft.com smtpstatus=535 smtpmsg='535 5.7.8 Error: authentication failed: ' errormsg='authentication failed (method PLAIN)' exitcode=EX_NOPERM
Dec 16 14:50:13 host=empower.software tls=on auth=on user=reply@empower.software from=reply@empower.software recipients=hosting_test@bitrixsoft.com smtpstatus=535 smtpmsg='535 5.7.8 Error: authentication failed: ' errormsg='authentication failed (method PLAIN)' exitcode=EX_NOPERM
Dec 16 14:50:18 host=empower.software tls=on auth=on user=reply@empower.software from=reply@empower.software recipients=hosting_test@bitrixsoft.com,noreply@bitrixsoft.com smtpstatus=535 smtpmsg='535 5.7.8 Error: authentication failed: ' errormsg='authentication failed (method PLAIN)' exitcode=EX_NOPERM
Dec 16 14:55:34 host=empower.software tls=on auth=on user=reply@empower.software from=reply@empower.software recipients=hosting_test@bitrixsoft.com smtpstatus=535 smtpmsg='535 5.7.8 Error: authentication failed: ' errormsg='authentication failed (method PLAIN)' exitcode=EX_NOPERM
Dec 16 14:55:42 host=empower.software tls=on auth=on user=reply@empower.software from=reply@empower.software recipients=hosting_test@bitrixsoft.com,noreply@bitrixsoft.com smtpstatus=535 smtpmsg='535 5.7.8 Error: authentication failed: ' errormsg='authentication failed (method PLAIN)' exitcode=EX_NOPERM
Dec 16 15:27:09 host=empower.software tls=on auth=on user=reply@empower.software from=reply@empower.software recipients=taylor@smartfello.com smtpstatus=535 smtpmsg='535 5.7.8 Error: authentication failed: ' errormsg='authentication failed (method PLAIN)' exitcode=EX_NOPERM
Dec 17 20:43:23 host=empower.software tls=on auth=on user=reply@empower.software from=reply@empower.software recipients=taytaywilly90@gmail.com smtpstatus=535 smtpmsg='535 5.7.8 Error: authentication failed: ' errormsg='authentication failed (method PLAIN)' exitcode=EX_NOPERM
Dec 17 21:24:56 host=empower.software tls=on auth=on user=reply@empower.software from=reply@empower.software recipients=taylor@smartfello.com smtpstatus=535 smtpmsg='535 5.7.8 Error: authentication failed: ' errormsg='authentication failed (method PLAIN)' exitcode=EX_NOPERM
Dec 17 21:25:21 host=empower.software tls=on auth=on user=reply@empower.software from=reply@empower.software recipients=taylor@smartfello.com smtpstatus=535 smtpmsg='535 5.7.8 Error: authentication failed: ' errormsg='authentication failed (method PLAIN)' exitcode=EX_NOPERM
Dec 17 22:14:24 host=empower.software tls=on auth=on user=reply@empower.software from=reply@empower.software recipients=taytaywilly90@gmail.com smtpstatus=535 smtpmsg='535 5.7.8 Error: authentication failed: ' errormsg='authentication failed (method PLAIN)' exitcode=EX_NOPERM
Dec 17 23:03:14 host=empower.software tls=on auth=on user=reply@empower.software from=reply@empower.software recipients=taytaywilly90@gmail.com smtpstatus=535 smtpmsg='535 5.7.8 Error: authentication failed: ' errormsg='authentication failed (method PLAIN)' exitcode=EX_NOPERM
Dec 18 04:56:08 host=empower.software tls=on auth=on user=reply@empower.software from=reply@empower.software recipients=bluesven869@gmail.com smtpstatus=535 smtpmsg='535 5.7.8 Error: authentication failed: ' errormsg='authentication failed (method PLAIN)' exitcode=EX_NOPERM
Dec 18 05:38:18 host=empower.software tls=on auth=on user=reply@empower.software from=reply@empower.software recipients=michael@smartfello.com smtpstatus=535 smtpmsg='535 5.7.8 Error: authentication failed: ' errormsg='authentication failed (method PLAIN)' exitcode=EX_NOPERM
Dec 19 17:40:20 host=empower.software tls=on auth=on user=reply@empower.software from=reply@empower.software recipients=taytaywilly90@gmail.com,bluesven869@gmail.com smtpstatus=535 smtpmsg='535 5.7.8 Error: authentication failed: ' errormsg='authentication failed (method PLAIN)' exitcode=EX_NOPERM
Dec 19 18:12:02 host=empower.software tls=on auth=on user=reply@empower.software from=reply@empower.software recipients=taytaywilly90@gmail.com,bluesven869@gmail.com smtpstatus=535 smtpmsg='535 5.7.8 Error: authentication failed: ' errormsg='authentication failed (method PLAIN)' exitcode=EX_NOPERM
